#
# There is insufficient memory for the Java Runtime Environment to continue.
# Native memory allocation (malloc) failed to allocate 1048576 bytes. Error detail: AllocateHeap
# Possible reasons:
#   The system is out of physical RAM or swap space
#   This process is running with CompressedOops enabled, and the Java Heap may be blocking the growth of the native heap
# Possible solutions:
#   Reduce memory load on the system
#   Increase physical memory or swap space
#   Check if swap backing store is full
#   Decrease Java heap size (-Xmx/-Xms)
#   Decrease number of Java threads
#   Decrease Java thread stack sizes (-Xss)
#   Set larger code cache with -XX:ReservedCodeCacheSize=
#   JVM is running with Unscaled Compressed Oops mode in which the Java heap is
#     placed in the first 4GB address space. The Java Heap base address is the
#     maximum limit for the native heap growth. Please use -XX:HeapBaseMinAddress
#     to set the Java Heap base and to place the Java Heap above 4GB virtual address.
# This output file may be truncated or incomplete.
#
#  Out of Memory Error (allocation.cpp:44), pid=28688, tid=27260
#
# JRE version: OpenJDK Runtime Environment Temurin-21.0.10+7 (21.0.10+7) (build 21.0.10+7-LTS)
# Java VM: OpenJDK 64-Bit Server VM Temurin-21.0.10+7 (21.0.10+7-LTS, mixed mode, sharing, tiered, compressed oops, compressed class ptrs, parallel gc, windows-amd64)
# No core dump will be written. Minidumps are not enabled by default on client versions of Windows
#

---------------  S U M M A R Y ------------

Command Line: --add-modules=ALL-SYSTEM --add-opens=java.base/java.util=ALL-UNNAMED --add-opens=java.base/java.lang=ALL-UNNAMED --add-opens=java.base/sun.nio.fs=ALL-UNNAMED -Declipse.application=org.eclipse.jdt.ls.core.id1 -Dosgi.bundles.defaultStartLevel=4 -Declipse.product=org.eclipse.jdt.ls.core.product -Djava.import.generatesMetadataFilesAtProjectRoot=false -DDetectVMInstallationsJob.disabled=true -Dfile.encoding=utf8 -XX:+UseParallelGC -XX:GCTimeRatio=4 -XX:AdaptiveSizePolicyWeight=90 -Dsun.zip.disableMemoryMapping=true -Xmx2G -Xms100m -Xlog:disable -javaagent:c:\Users\Omer\.cursor\extensions\redhat.java-1.53.0-win32-x64\lombok\lombok-1.18.39-4050.jar -XX:+HeapDumpOnOutOfMemoryError -XX:HeapDumpPath=c:\Users\Omer\AppData\Roaming\Cursor\User\workspaceStorage\6c30c1e5be1cf8c44b33e617996e58f2\redhat.java -Daether.dependencyCollector.impl=bf c:\Users\Omer\.cursor\extensions\redhat.java-1.53.0-win32-x64\server\plugins\org.eclipse.equinox.launcher_1.7.100.v20251111-0406.jar -configuration c:\Users\Omer\AppData\Roaming\Cursor\User\globalStorage\redhat.java\1.53.0\config_win -data c:\Users\Omer\AppData\Roaming\Cursor\User\workspaceStorage\6c30c1e5be1cf8c44b33e617996e58f2\redhat.java\jdt_ws --pipe=\\.\pipe\lsp-7d7be4db7a66afad78e9cf6a9d2edb72-sock

Host: Intel(R) Core(TM) i5-9400F CPU @ 2.90GHz, 6 cores, 15G,  Windows 11 , 64 bit Build 26100 (10.0.26100.7920)
Time: Tue Mar 17 21:06:12 2026 Jerusalem Standard Time elapsed time: 99056.014087 seconds (1d 3h 30m 56s)

---------------  T H R E A D  ---------------

Current thread (0x000001e9cb3ab780):  JavaThread "Attach Listener" daemon [_thread_in_vm, id=27260, stack(0x00000098c1f00000,0x00000098c2000000) (1024K)]

Stack: [0x00000098c1f00000,0x00000098c2000000]
Native frames: (J=compiled Java code, j=interpreted, Vv=VM code, C=native code)
V  [jvm.dll+0x6d7a39]
V  [jvm.dll+0x8b4b26]
V  [jvm.dll+0x8b70de]
V  [jvm.dll+0x8b77c3]
V  [jvm.dll+0x284346]
V  [jvm.dll+0xc1277]
V  [jvm.dll+0x6d82e9]
V  [jvm.dll+0x1334a6]
V  [jvm.dll+0x3f857e]
V  [jvm.dll+0x85f59d]
V  [jvm.dll+0x6d626d]
C  [ucrtbase.dll+0x37b0]
C  [KERNEL32.DLL+0x2e8d7]
C  [ntdll.dll+0x8c48c]


---------------  P R O C E S S  ---------------

Threads class SMR info:
_java_thread_list=0x000001e9eb04c5e0, length=32, elements={
0x000001e9cb47e2f0, 0x000001e9cb3a63a0, 0x000001e9cb3a7a70, 0x000001e9cb3aad20,
0x000001e9cb3ab780, 0x000001e9cb3ae1f0, 0x000001e9cb3b3570, 0x000001e9cb3b7630,
0x000001e9e3068120, 0x000001e9e327f690, 0x000001e9e334b6e0, 0x000001e9e39dbbd0,
0x000001e9cb4196a0, 0x000001e9e321d4e0, 0x000001e9e321ada0, 0x000001e9e83561c0,
0x000001e9e8377330, 0x000001e9e8291eb0, 0x000001e9e84d7570, 0x000001e9e84d4e10,
0x000001e9e84d54a0, 0x000001e9e84d4780, 0x000001e9e84d5b30, 0x000001e9e8f28f30,
0x000001e9e8f29c50, 0x000001e9e8f2a2e0, 0x000001e9e8f288a0, 0x000001e9e8f2a970,
0x000001e9e8f2bd20, 0x000001e9e8f2b000, 0x000001e9e8f2c3b0, 0x000001e9e8f2b690
}

Java Threads: ( => current thread )
  0x000001e9cb47e2f0 JavaThread "main"                              [_thread_blocked, id=8968, stack(0x00000098c1800000,0x00000098c1900000) (1024K)]
  0x000001e9cb3a63a0 JavaThread "Reference Handler"          daemon [_thread_blocked, id=15816, stack(0x00000098c1c00000,0x00000098c1d00000) (1024K)]
  0x000001e9cb3a7a70 JavaThread "Finalizer"                  daemon [_thread_blocked, id=19212, stack(0x00000098c1d00000,0x00000098c1e00000) (1024K)]
  0x000001e9cb3aad20 JavaThread "Signal Dispatcher"          daemon [_thread_blocked, id=24600, stack(0x00000098c1e00000,0x00000098c1f00000) (1024K)]
=>0x000001e9cb3ab780 JavaThread "Attach Listener"            daemon [_thread_in_vm, id=27260, stack(0x00000098c1f00000,0x00000098c2000000) (1024K)]
  0x000001e9cb3ae1f0 JavaThread "Service Thread"             daemon [_thread_blocked, id=28916, stack(0x00000098c2000000,0x00000098c2100000) (1024K)]
  0x000001e9cb3b3570 JavaThread "Monitor Deflation Thread"   daemon [_thread_blocked, id=30704, stack(0x00000098c2100000,0x00000098c2200000) (1024K)]
  0x000001e9cb3b7630 JavaThread "C2 CompilerThread0"         daemon [_thread_blocked, id=23572, stack(0x00000098c2200000,0x00000098c2300000) (1024K)]
  0x000001e9e3068120 JavaThread "C1 CompilerThread0"         daemon [_thread_blocked, id=30192, stack(0x00000098c2300000,0x00000098c2400000) (1024K)]
  0x000001e9e327f690 JavaThread "Common-Cleaner"             daemon [_thread_blocked, id=16488, stack(0x00000098c2400000,0x00000098c2500000) (1024K)]
  0x000001e9e334b6e0 JavaThread "Notification Thread"        daemon [_thread_blocked, id=3300, stack(0x00000098c2500000,0x00000098c2600000) (1024K)]
  0x000001e9e39dbbd0 JavaThread "Active Thread: Equinox Container: d0d949d4-ec9f-448d-b848-27cacaeb9650"        [_thread_blocked, id=25596, stack(0x00000098c2c00000,0x00000098c2d00000) (1024K)]
  0x000001e9cb4196a0 JavaThread "Refresh Thread: Equinox Container: d0d949d4-ec9f-448d-b848-27cacaeb9650" daemon [_thread_blocked, id=26260, stack(0x00000098c2d00000,0x00000098c2e00000) (1024K)]
  0x000001e9e321d4e0 JavaThread "Framework Event Dispatcher: Equinox Container: d0d949d4-ec9f-448d-b848-27cacaeb9650" daemon [_thread_blocked, id=29492, stack(0x00000098c2e00000,0x00000098c2f00000) (1024K)]
  0x000001e9e321ada0 JavaThread "Start Level: Equinox Container: d0d949d4-ec9f-448d-b848-27cacaeb9650" daemon [_thread_blocked, id=2976, stack(0x00000098c2f00000,0x00000098c3000000) (1024K)]
  0x000001e9e83561c0 JavaThread "Bundle File Closer"         daemon [_thread_blocked, id=2744, stack(0x00000098c2600000,0x00000098c2700000) (1024K)]
  0x000001e9e8377330 JavaThread "SCR Component Actor"        daemon [_thread_blocked, id=3928, stack(0x00000098c3000000,0x00000098c3100000) (1024K)]
  0x000001e9e8291eb0 JavaThread "Worker-JM"                         [_thread_blocked, id=11548, stack(0x00000098c3200000,0x00000098c3300000) (1024K)]
  0x000001e9e84d7570 JavaThread "JNA Cleaner"                daemon [_thread_blocked, id=26268, stack(0x00000098c3300000,0x00000098c3400000) (1024K)]
  0x000001e9e84d4e10 JavaThread "Worker-0"                          [_thread_blocked, id=27536, stack(0x00000098c3400000,0x00000098c3500000) (1024K)]
  0x000001e9e84d54a0 JavaThread "Java indexing"              daemon [_thread_blocked, id=26636, stack(0x00000098c3600000,0x00000098c3700000) (1024K)]
  0x000001e9e84d4780 JavaThread "Thread-1"                   daemon [_thread_in_native, id=13324, stack(0x00000098c3b00000,0x00000098c3c00000) (1024K)]
  0x000001e9e84d5b30 JavaThread "Thread-2"                   daemon [_thread_in_native, id=28072, stack(0x00000098c3c00000,0x00000098c3d00000) (1024K)]
  0x000001e9e8f28f30 JavaThread "Thread-3"                   daemon [_thread_in_native, id=28932, stack(0x00000098c3d00000,0x00000098c3e00000) (1024K)]
  0x000001e9e8f29c50 JavaThread "Thread-4"                   daemon [_thread_in_native, id=27952, stack(0x00000098c3e00000,0x00000098c3f00000) (1024K)]
  0x000001e9e8f2a2e0 JavaThread "Thread-5"                   daemon [_thread_in_native, id=23128, stack(0x00000098c3f00000,0x00000098c4000000) (1024K)]
  0x000001e9e8f288a0 JavaThread "Thread-6"                   daemon [_thread_in_native, id=10636, stack(0x00000098c4000000,0x00000098c4100000) (1024K)]
  0x000001e9e8f2a970 JavaThread "Thread-7"                   daemon [_thread_in_native, id=29080, stack(0x00000098c4100000,0x00000098c4200000) (1024K)]
  0x000001e9e8f2bd20 JavaThread "pool-2-thread-1"                   [_thread_blocked, id=10680, stack(0x00000098c4200000,0x00000098c4300000) (1024K)]
  0x000001e9e8f2b000 JavaThread "WorkspaceEventsHandler"            [_thread_blocked, id=15912, stack(0x00000098c4300000,0x00000098c4400000) (1024K)]
  0x000001e9e8f2c3b0 JavaThread "pool-1-thread-1"                   [_thread_blocked, id=29384, stack(0x00000098c4400000,0x00000098c4500000) (1024K)]
  0x000001e9e8f2b690 JavaThread "Worker-8"                          [_thread_blocked, id=24776, stack(0x00000098c1600000,0x00000098c1700000) (1024K)]
Total: 32

Other Threads:
  0x000001e9cb3a0650 VMThread "VM Thread"                           [id=14212, stack(0x00000098c1b00000,0x00000098c1c00000) (1024K)]
  0x000001e9cb2fca00 WatcherThread "VM Periodic Task Thread"        [id=29012, stack(0x00000098c1a00000,0x00000098c1b00000) (1024K)]
  0x000001e9cb496aa0 WorkerThread "GC Thread#0"                     [id=28516, stack(0x00000098c1900000,0x00000098c1a00000) (1024K)]
  0x000001e9e3c2c910 WorkerThread "GC Thread#1"                     [id=27812, stack(0x00000098c2700000,0x00000098c2800000) (1024K)]
  0x000001e9e33e0c20 WorkerThread "GC Thread#2"                     [id=24744, stack(0x00000098c2800000,0x00000098c2900000) (1024K)]
  0x000001e9e3511f60 WorkerThread "GC Thread#3"                     [id=16752, stack(0x00000098c2900000,0x00000098c2a00000) (1024K)]
  0x000001e9e3512310 WorkerThread "GC Thread#4"                     [id=25196, stack(0x00000098c2a00000,0x00000098c2b00000) (1024K)]
  0x000001e9e35126c0 WorkerThread "GC Thread#5"                     [id=23668, stack(0x00000098c2b00000,0x00000098c2c00000) (1024K)]
Total: 8

Threads with active compile tasks:
Total: 0

VM state: not at safepoint (normal execution)

VM Mutex/Monitor currently owned by a thread: None

Heap address: 0x0000000080000000, size: 2048 MB, Compressed Oops mode: 32-bit

CDS archive(s) mapped at: [0x000001e980000000-0x000001e980ba0000-0x000001e980ba0000), size 12189696, SharedBaseAddress: 0x000001e980000000, ArchiveRelocationMode: 1.
Compressed class space mapped at: 0x000001e981000000-0x000001e9c1000000, reserved size: 1073741824
Narrow klass base: 0x000001e980000000, Narrow klass shift: 0, Narrow klass range: 0x100000000

GC Precious Log:
 CardTable entry size: 512
 CPUs: 6 total, 6 available
 Memory: 16317M
 Large Page Support: Disabled
 NUMA Support: Disabled
 Compressed Oops: Enabled (32-bit)
 Alignments: Space 512K, Generation 512K, Heap 2M
 Heap Min Capacity: 100M
 Heap Initial Capacity: 100M
 Heap Max Capacity: 2G
 Pre-touch: Disabled
 Parallel Workers: 6

Heap:
 PSYoungGen      total 18944K, used 7285K [0x00000000d5580000, 0x00000000d7000000, 0x0000000100000000)
  eden space 15872K, 26% used [0x00000000d5580000,0x00000000d599e0c8,0x00000000d6500000)
  from space 3072K, 99% used [0x00000000d6700000,0x00000000d69ff3a8,0x00000000d6a00000)
  to   space 5632K, 0% used [0x00000000d6a80000,0x00000000d6a80000,0x00000000d7000000)
 ParOldGen       total 68608K, used 57251K [0x0000000080000000, 0x0000000084300000, 0x00000000d5580000)
  object space 68608K, 83% used [0x0000000080000000,0x00000000837e8f98,0x0000000084300000)
 Metaspace       used 66074K, committed 67584K, reserved 1114112K
  class space    used 6986K, committed 7616K, reserved 1048576K

Card table byte_map: [0x000001e9cae10000,0x000001e9cb220000] _byte_map_base: 0x000001e9caa10000

Marking Bits: (ParMarkBitMap*) 0x00007ffebe9c3450
 Begin Bits: [0x000001e9dd920000, 0x000001e9df920000)
 End Bits:   [0x000001e9df920000, 0x000001e9e1920000)

Polling page: 0x000001e9c9280000

Metaspace:

Usage:
  Non-class:     57.70 MB used.
      Class:      6.82 MB used.
       Both:     64.53 MB used.

Virtual space:
  Non-class space:       64.00 MB reserved,      58.56 MB ( 92%) committed,  1 nodes.
      Class space:        1.00 GB reserved,       7.44 MB ( <1%) committed,  1 nodes.
             Both:        1.06 GB reserved,      66.00 MB (  6%) committed. 

Chunk freelists:
   Non-Class:  4.50 MB
       Class:  8.38 MB
        Both:  12.88 MB

MaxMetaspaceSize: unlimited
CompressedClassSpaceSize: 1.00 GB
Initial GC threshold: 21.00 MB
Current GC threshold: 97.31 MB
CDS: on
 - commit_granule_bytes: 65536.
 - commit_granule_words: 8192.
 - virtual_space_node_default_size: 8388608.
 - enlarge_chunks_in_place: 1.
 - use_allocation_guard: 0.


Internal statistics:

num_allocs_failed_limit: 9.
num_arena_births: 1284.
num_arena_deaths: 14.
num_vsnodes_births: 2.
num_vsnodes_deaths: 0.
num_space_committed: 1056.
num_space_uncommitted: 0.
num_chunks_returned_to_freelist: 23.
num_chunks_taken_from_freelist: 4427.
num_chunk_merges: 15.
num_chunk_splits: 2730.
num_chunks_enlarged: 1553.
num_inconsistent_stats: 0.

CodeHeap 'non-profiled nmethods': size=120000Kb used=6685Kb max_used=6685Kb free=113314Kb
 bounds [0x000001e9d6140000, 0x000001e9d67d0000, 0x000001e9dd670000]
CodeHeap 'profiled nmethods': size=120000Kb used=23113Kb max_used=23113Kb free=96886Kb
 bounds [0x000001e9ce670000, 0x000001e9cfd10000, 0x000001e9d5ba0000]
CodeHeap 'non-nmethods': size=5760Kb used=1448Kb max_used=1545Kb free=4311Kb
 bounds [0x000001e9d5ba0000, 0x000001e9d5e10000, 0x000001e9d6140000]
CodeCache: size=245760Kb, used=31246Kb, max_used=31343Kb, free=214511Kb
 total_blobs=11002, nmethods=10239, adapters=668, full_count=0
Compilation: enabled, stopped_count=0, restarted_count=0

Compilation events (20 events):
Event: 92120.448 Thread 0x000001e9e3068120 11010   !   3       sun.security.provider.HashDrbg::hashGen (152 bytes)
Event: 92120.452 Thread 0x000001e9e3068120 nmethod 11010 0x000001e9cfcfc010 code [0x000001e9cfcfc2a0, 0x000001e9cfcfd080]
Event: 93020.406 Thread 0x000001e9e3068120 11012       3       org.eclipse.core.internal.jobs.DeadlockDetector::indexOf (43 bytes)
Event: 93020.423 Thread 0x000001e9e3068120 nmethod 11012 0x000001e9cfcfd590 code [0x000001e9cfcfd780, 0x000001e9cfcfdf38]
Event: 93920.407 Thread 0x000001e9e3068120 11013       3       java.math.BigInteger::valueOf (62 bytes)
Event: 93920.408 Thread 0x000001e9e3068120 nmethod 11013 0x000001e9cfcfe210 code [0x000001e9cfcfe3e0, 0x000001e9cfcfe790]
Event: 94820.466 Thread 0x000001e9e3068120 11014       3       org.eclipse.jdt.ls.core.internal.handlers.ProgressReporterManager$ProgressReporter::<init> (36 bytes)
Event: 94820.472 Thread 0x000001e9e3068120 nmethod 11014 0x000001e9cfcfe890 code [0x000001e9cfcfea60, 0x000001e9cfcfed68]
Event: 94820.472 Thread 0x000001e9e3068120 11015       3       org.eclipse.core.internal.resources.MarkerSet::shareStrings (57 bytes)
Event: 94820.473 Thread 0x000001e9e3068120 nmethod 11015 0x000001e9cfcfef10 code [0x000001e9cfcff0e0, 0x000001e9cfcff650]
Event: 95720.522 Thread 0x000001e9e3068120 11016       3       java.lang.invoke.LambdaForm$MH/0x000001e981223800::linkToTargetMethod (13 bytes)
Event: 95720.525 Thread 0x000001e9e3068120 nmethod 11016 0x000001e9cfcff810 code [0x000001e9cfcff9e0, 0x000001e9cfcffe30]
Event: 95720.526 Thread 0x000001e9e3068120 11017       3       java.lang.invoke.LambdaForm$DMH/0x000001e981223000::newInvokeSpecial (30 bytes)
Event: 95720.530 Thread 0x000001e9e3068120 nmethod 11017 0x000001e9cfcfff10 code [0x000001e9cfd00100, 0x000001e9cfd00898]
Event: 98420.588 Thread 0x000001e9e3068120 11018       3       org.eclipse.core.runtime.Assert::isLegal (7 bytes)
Event: 98420.595 Thread 0x000001e9e3068120 nmethod 11018 0x000001e9cfd00a90 code [0x000001e9cfd00c40, 0x000001e9cfd00e88]
Event: 98420.595 Thread 0x000001e9e3068120 11020       3       org.eclipse.core.internal.jobs.JobManager::scheduleInternal (149 bytes)
Event: 98420.619 Thread 0x000001e9e3068120 nmethod 11020 0x000001e9cfd00f90 code [0x000001e9cfd01280, 0x000001e9cfd01fd0]
Event: 98420.619 Thread 0x000001e9e3068120 11019  s    1       org.eclipse.core.internal.jobs.ThreadJob::isRunning (5 bytes)
Event: 98420.619 Thread 0x000001e9e3068120 nmethod 11019 0x000001e9d67c7110 code [0x000001e9d67c72a0, 0x000001e9d67c7428]

GC Heap History (20 events):
Event: 25.019 GC heap before
{Heap before GC invocations=35 (full 2):
 PSYoungGen      total 20480K, used 8583K [0x00000000d5580000, 0x00000000d6b80000, 0x0000000100000000)
  eden space 18944K, 38% used [0x00000000d5580000,0x00000000d5c95f60,0x00000000d6800000)
  from space 1536K, 86% used [0x00000000d6a00000,0x00000000d6b4beb0,0x00000000d6b80000)
  to   space 1536K, 0% used [0x00000000d6880000,0x00000000d6880000,0x00000000d6a00000)
 ParOldGen       total 68608K, used 42261K [0x0000000080000000, 0x0000000084300000, 0x00000000d5580000)
  object space 68608K, 61% used [0x0000000080000000,0x00000000829455b0,0x0000000084300000)
 Metaspace       used 58336K, committed 59776K, reserved 1114112K
  class space    used 6309K, committed 6912K, reserved 1048576K
}
Event: 25.021 GC heap after
{Heap after GC invocations=35 (full 2):
 PSYoungGen      total 19456K, used 288K [0x00000000d5580000, 0x00000000d6a80000, 0x0000000100000000)
  eden space 18944K, 0% used [0x00000000d5580000,0x00000000d5580000,0x00000000d6800000)
  from space 512K, 56% used [0x00000000d6880000,0x00000000d68c8000,0x00000000d6900000)
  to   space 1024K, 0% used [0x00000000d6980000,0x00000000d6980000,0x00000000d6a80000)
 ParOldGen       total 68608K, used 43428K [0x0000000080000000, 0x0000000084300000, 0x00000000d5580000)
  object space 68608K, 63% used [0x0000000080000000,0x0000000082a69360,0x0000000084300000)
 Metaspace       used 58336K, committed 59776K, reserved 1114112K
  class space    used 6309K, committed 6912K, reserved 1048576K
}
Event: 25.021 GC heap before
{Heap before GC invocations=36 (full 3):
 PSYoungGen      total 19456K, used 288K [0x00000000d5580000, 0x00000000d6a80000, 0x0000000100000000)
  eden space 18944K, 0% used [0x00000000d5580000,0x00000000d5580000,0x00000000d6800000)
  from space 512K, 56% used [0x00000000d6880000,0x00000000d68c8000,0x00000000d6900000)
  to   space 1024K, 0% used [0x00000000d6980000,0x00000000d6980000,0x00000000d6a80000)
 ParOldGen       total 68608K, used 43428K [0x0000000080000000, 0x0000000084300000, 0x00000000d5580000)
  object space 68608K, 63% used [0x0000000080000000,0x0000000082a69360,0x0000000084300000)
 Metaspace       used 58336K, committed 59776K, reserved 1114112K
  class space    used 6309K, committed 6912K, reserved 1048576K
}
Event: 25.082 GC heap after
{Heap after GC invocations=36 (full 3):
 PSYoungGen      total 19456K, used 0K [0x00000000d5580000, 0x00000000d6a80000, 0x0000000100000000)
  eden space 18944K, 0% used [0x00000000d5580000,0x00000000d5580000,0x00000000d6800000)
  from space 512K, 0% used [0x00000000d6880000,0x00000000d6880000,0x00000000d6900000)
  to   space 1024K, 0% used [0x00000000d6980000,0x00000000d6980000,0x00000000d6a80000)
 ParOldGen       total 68608K, used 39607K [0x0000000080000000, 0x0000000084300000, 0x00000000d5580000)
  object space 68608K, 57% used [0x0000000080000000,0x00000000826addd0,0x0000000084300000)
 Metaspace       used 58336K, committed 59776K, reserved 1114112K
  class space    used 6309K, committed 6912K, reserved 1048576K
}
Event: 25.415 GC heap before
{Heap before GC invocations=37 (full 3):
 PSYoungGen      total 19456K, used 18944K [0x00000000d5580000, 0x00000000d6a80000, 0x0000000100000000)
  eden space 18944K, 100% used [0x00000000d5580000,0x00000000d6800000,0x00000000d6800000)
  from space 512K, 0% used [0x00000000d6880000,0x00000000d6880000,0x00000000d6900000)
  to   space 1024K, 0% used [0x00000000d6980000,0x00000000d6980000,0x00000000d6a80000)
 ParOldGen       total 68608K, used 39607K [0x0000000080000000, 0x0000000084300000, 0x00000000d5580000)
  object space 68608K, 57% used [0x0000000080000000,0x00000000826addd0,0x0000000084300000)
 Metaspace       used 59689K, committed 61184K, reserved 1114112K
  class space    used 6450K, committed 7104K, reserved 1048576K
}
Event: 25.417 GC heap after
{Heap after GC invocations=37 (full 3):
 PSYoungGen      total 19968K, used 1001K [0x00000000d5580000, 0x00000000d6b00000, 0x0000000100000000)
  eden space 18944K, 0% used [0x00000000d5580000,0x00000000d5580000,0x00000000d6800000)
  from space 1024K, 97% used [0x00000000d6980000,0x00000000d6a7a4c0,0x00000000d6a80000)
  to   space 1536K, 0% used [0x00000000d6800000,0x00000000d6800000,0x00000000d6980000)
 ParOldGen       total 68608K, used 39919K [0x0000000080000000, 0x0000000084300000, 0x00000000d5580000)
  object space 68608K, 58% used [0x0000000080000000,0x00000000826fbe00,0x0000000084300000)
 Metaspace       used 59689K, committed 61184K, reserved 1114112K
  class space    used 6450K, committed 7104K, reserved 1048576K
}
Event: 25.742 GC heap before
{Heap before GC invocations=38 (full 3):
 PSYoungGen      total 19968K, used 19945K [0x00000000d5580000, 0x00000000d6b00000, 0x0000000100000000)
  eden space 18944K, 100% used [0x00000000d5580000,0x00000000d6800000,0x00000000d6800000)
  from space 1024K, 97% used [0x00000000d6980000,0x00000000d6a7a4c0,0x00000000d6a80000)
  to   space 1536K, 0% used [0x00000000d6800000,0x00000000d6800000,0x00000000d6980000)
 ParOldGen       total 68608K, used 39919K [0x0000000080000000, 0x0000000084300000, 0x00000000d5580000)
  object space 68608K, 58% used [0x0000000080000000,0x00000000826fbe00,0x0000000084300000)
 Metaspace       used 61308K, committed 62784K, reserved 1114112K
  class space    used 6600K, committed 7232K, reserved 1048576K
}
Event: 25.745 GC heap after
{Heap after GC invocations=38 (full 3):
 PSYoungGen      total 20480K, used 1506K [0x00000000d5580000, 0x00000000d7100000, 0x0000000100000000)
  eden space 18944K, 0% used [0x00000000d5580000,0x00000000d5580000,0x00000000d6800000)
  from space 1536K, 98% used [0x00000000d6800000,0x00000000d6978b68,0x00000000d6980000)
  to   space 4608K, 0% used [0x00000000d6c80000,0x00000000d6c80000,0x00000000d7100000)
 ParOldGen       total 68608K, used 42430K [0x0000000080000000, 0x0000000084300000, 0x00000000d5580000)
  object space 68608K, 61% used [0x0000000080000000,0x000000008296f9a8,0x0000000084300000)
 Metaspace       used 61308K, committed 62784K, reserved 1114112K
  class space    used 6600K, committed 7232K, reserved 1048576K
}
Event: 26.101 GC heap before
{Heap before GC invocations=39 (full 3):
 PSYoungGen      total 20480K, used 20450K [0x00000000d5580000, 0x00000000d7100000, 0x0000000100000000)
  eden space 18944K, 100% used [0x00000000d5580000,0x00000000d6800000,0x00000000d6800000)
  from space 1536K, 98% used [0x00000000d6800000,0x00000000d6978b68,0x00000000d6980000)
  to   space 4608K, 0% used [0x00000000d6c80000,0x00000000d6c80000,0x00000000d7100000)
 ParOldGen       total 68608K, used 42430K [0x0000000080000000, 0x0000000084300000, 0x00000000d5580000)
  object space 68608K, 61% used [0x0000000080000000,0x000000008296f9a8,0x0000000084300000)
 Metaspace       used 62769K, committed 64256K, reserved 1114112K
  class space    used 6737K, committed 7360K, reserved 1048576K
}
Event: 26.103 GC heap after
{Heap after GC invocations=39 (full 3):
 PSYoungGen      total 20992K, used 1654K [0x00000000d5580000, 0x00000000d6e80000, 0x0000000100000000)
  eden space 18944K, 0% used [0x00000000d5580000,0x00000000d5580000,0x00000000d6800000)
  from space 2048K, 80% used [0x00000000d6c80000,0x00000000d6e1d958,0x00000000d6e80000)
  to   space 2560K, 0% used [0x00000000d6980000,0x00000000d6980000,0x00000000d6c00000)
 ParOldGen       total 68608K, used 43883K [0x0000000080000000, 0x0000000084300000, 0x00000000d5580000)
  object space 68608K, 63% used [0x0000000080000000,0x0000000082adaea8,0x0000000084300000)
 Metaspace       used 62769K, committed 64256K, reserved 1114112K
  class space    used 6737K, committed 7360K, reserved 1048576K
}
Event: 26.589 GC heap before
{Heap before GC invocations=40 (full 3):
 PSYoungGen      total 20992K, used 20598K [0x00000000d5580000, 0x00000000d6e80000, 0x0000000100000000)
  eden space 18944K, 100% used [0x00000000d5580000,0x00000000d6800000,0x00000000d6800000)
  from space 2048K, 80% used [0x00000000d6c80000,0x00000000d6e1d958,0x00000000d6e80000)
  to   space 2560K, 0% used [0x00000000d6980000,0x00000000d6980000,0x00000000d6c00000)
 ParOldGen       total 68608K, used 43883K [0x0000000080000000, 0x0000000084300000, 0x00000000d5580000)
  object space 68608K, 63% used [0x0000000080000000,0x0000000082adaea8,0x0000000084300000)
 Metaspace       used 63308K, committed 64896K, reserved 1114112K
  class space    used 6804K, committed 7488K, reserved 1048576K
}
Event: 26.591 GC heap after
{Heap after GC invocations=40 (full 3):
 PSYoungGen      total 21504K, used 2222K [0x00000000d5580000, 0x00000000d6d00000, 0x0000000100000000)
  eden space 18944K, 0% used [0x00000000d5580000,0x00000000d5580000,0x00000000d6800000)
  from space 2560K, 86% used [0x00000000d6980000,0x00000000d6babb68,0x00000000d6c00000)
  to   space 1024K, 0% used [0x00000000d6c00000,0x00000000d6c00000,0x00000000d6d00000)
 ParOldGen       total 68608K, used 45244K [0x0000000080000000, 0x0000000084300000, 0x00000000d5580000)
  object space 68608K, 65% used [0x0000000080000000,0x0000000082c2f250,0x0000000084300000)
 Metaspace       used 63308K, committed 64896K, reserved 1114112K
  class space    used 6804K, committed 7488K, reserved 1048576K
}
Event: 27.070 GC heap before
{Heap before GC invocations=41 (full 3):
 PSYoungGen      total 21504K, used 21166K [0x00000000d5580000, 0x00000000d6d00000, 0x0000000100000000)
  eden space 18944K, 100% used [0x00000000d5580000,0x00000000d6800000,0x00000000d6800000)
  from space 2560K, 86% used [0x00000000d6980000,0x00000000d6babb68,0x00000000d6c00000)
  to   space 1024K, 0% used [0x00000000d6c00000,0x00000000d6c00000,0x00000000d6d00000)
 ParOldGen       total 68608K, used 45244K [0x0000000080000000, 0x0000000084300000, 0x00000000d5580000)
  object space 68608K, 65% used [0x0000000080000000,0x0000000082c2f250,0x0000000084300000)
 Metaspace       used 64128K, committed 65664K, reserved 1114112K
  class space    used 6890K, committed 7552K, reserved 1048576K
}
Event: 27.074 GC heap after
{Heap after GC invocations=41 (full 3):
 PSYoungGen      total 16896K, used 1000K [0x00000000d5580000, 0x00000000d7600000, 0x0000000100000000)
  eden space 15872K, 0% used [0x00000000d5580000,0x00000000d5580000,0x00000000d6500000)
  from space 1024K, 97% used [0x00000000d6c00000,0x00000000d6cfa0a0,0x00000000d6d00000)
  to   space 7168K, 0% used [0x00000000d6500000,0x00000000d6500000,0x00000000d6c00000)
 ParOldGen       total 68608K, used 50517K [0x0000000080000000, 0x0000000084300000, 0x00000000d5580000)
  object space 68608K, 73% used [0x0000000080000000,0x00000000831555a0,0x0000000084300000)
 Metaspace       used 64128K, committed 65664K, reserved 1114112K
  class space    used 6890K, committed 7552K, reserved 1048576K
}
Event: 27.589 GC heap before
{Heap before GC invocations=42 (full 3):
 PSYoungGen      total 16896K, used 16872K [0x00000000d5580000, 0x00000000d7600000, 0x0000000100000000)
  eden space 15872K, 100% used [0x00000000d5580000,0x00000000d6500000,0x00000000d6500000)
  from space 1024K, 97% used [0x00000000d6c00000,0x00000000d6cfa0a0,0x00000000d6d00000)
  to   space 7168K, 0% used [0x00000000d6500000,0x00000000d6500000,0x00000000d6c00000)
 ParOldGen       total 68608K, used 50517K [0x0000000080000000, 0x0000000084300000, 0x00000000d5580000)
  object space 68608K, 73% used [0x0000000080000000,0x00000000831555a0,0x0000000084300000)
 Metaspace       used 64473K, committed 65984K, reserved 1114112K
  class space    used 6910K, committed 7552K, reserved 1048576K
}
Event: 27.592 GC heap after
{Heap after GC invocations=42 (full 3):
 PSYoungGen      total 21504K, used 5328K [0x00000000d5580000, 0x00000000d7100000, 0x0000000100000000)
  eden space 15872K, 0% used [0x00000000d5580000,0x00000000d5580000,0x00000000d6500000)
  from space 5632K, 94% used [0x00000000d6500000,0x00000000d6a343b0,0x00000000d6a80000)
  to   space 6144K, 0% used [0x00000000d6b00000,0x00000000d6b00000,0x00000000d7100000)
 ParOldGen       total 68608K, used 51235K [0x0000000080000000, 0x0000000084300000, 0x00000000d5580000)
  object space 68608K, 74% used [0x0000000080000000,0x0000000083208c10,0x0000000084300000)
 Metaspace       used 64473K, committed 65984K, reserved 1114112K
  class space    used 6910K, committed 7552K, reserved 1048576K
}
Event: 319.077 GC heap before
{Heap before GC invocations=43 (full 3):
 PSYoungGen      total 21504K, used 21200K [0x00000000d5580000, 0x00000000d7100000, 0x0000000100000000)
  eden space 15872K, 100% used [0x00000000d5580000,0x00000000d6500000,0x00000000d6500000)
  from space 5632K, 94% used [0x00000000d6500000,0x00000000d6a343b0,0x00000000d6a80000)
  to   space 6144K, 0% used [0x00000000d6b00000,0x00000000d6b00000,0x00000000d7100000)
 ParOldGen       total 68608K, used 51235K [0x0000000080000000, 0x0000000084300000, 0x00000000d5580000)
  object space 68608K, 74% used [0x0000000080000000,0x0000000083208c10,0x0000000084300000)
 Metaspace       used 64960K, committed 66496K, reserved 1114112K
  class space    used 6931K, committed 7616K, reserved 1048576K
}
Event: 319.080 GC heap after
{Heap after GC invocations=43 (full 3):
 PSYoungGen      total 17920K, used 1620K [0x00000000d5580000, 0x00000000d6d00000, 0x0000000100000000)
  eden space 15872K, 0% used [0x00000000d5580000,0x00000000d5580000,0x00000000d6500000)
  from space 2048K, 79% used [0x00000000d6b00000,0x00000000d6c95348,0x00000000d6d00000)
  to   space 3072K, 0% used [0x00000000d6700000,0x00000000d6700000,0x00000000d6a00000)
 ParOldGen       total 68608K, used 55514K [0x0000000080000000, 0x0000000084300000, 0x00000000d5580000)
  object space 68608K, 80% used [0x0000000080000000,0x0000000083636a28,0x0000000084300000)
 Metaspace       used 64960K, committed 66496K, reserved 1114112K
  class space    used 6931K, committed 7616K, reserved 1048576K
}
Event: 325.202 GC heap before
{Heap before GC invocations=44 (full 3):
 PSYoungGen      total 17920K, used 17492K [0x00000000d5580000, 0x00000000d6d00000, 0x0000000100000000)
  eden space 15872K, 100% used [0x00000000d5580000,0x00000000d6500000,0x00000000d6500000)
  from space 2048K, 79% used [0x00000000d6b00000,0x00000000d6c95348,0x00000000d6d00000)
  to   space 3072K, 0% used [0x00000000d6700000,0x00000000d6700000,0x00000000d6a00000)
 ParOldGen       total 68608K, used 55514K [0x0000000080000000, 0x0000000084300000, 0x00000000d5580000)
  object space 68608K, 80% used [0x0000000080000000,0x0000000083636a28,0x0000000084300000)
 Metaspace       used 65730K, committed 67264K, reserved 1114112K
  class space    used 6967K, committed 7616K, reserved 1048576K
}
Event: 325.205 GC heap after
{Heap after GC invocations=44 (full 3):
 PSYoungGen      total 18944K, used 3068K [0x00000000d5580000, 0x00000000d7000000, 0x0000000100000000)
  eden space 15872K, 0% used [0x00000000d5580000,0x00000000d5580000,0x00000000d6500000)
  from space 3072K, 99% used [0x00000000d6700000,0x00000000d69ff3a8,0x00000000d6a00000)
  to   space 5632K, 0% used [0x00000000d6a80000,0x00000000d6a80000,0x00000000d7000000)
 ParOldGen       total 68608K, used 57251K [0x0000000080000000, 0x0000000084300000, 0x00000000d5580000)
  object space 68608K, 83% used [0x0000000080000000,0x00000000837e8f98,0x0000000084300000)
 Metaspace       used 65730K, committed 67264K, reserved 1114112K
  class space    used 6967K, committed 7616K, reserved 1048576K
}

Dll operation events (10 events):
Event: 0.114 Loaded shared library c:\Users\Omer\.cursor\extensions\redhat.java-1.53.0-win32-x64\jre\21.0.10-win32-x86_64\bin\java.dll
Event: 0.237 Loaded shared library c:\Users\Omer\.cursor\extensions\redhat.java-1.53.0-win32-x64\jre\21.0.10-win32-x86_64\bin\zip.dll
Event: 0.257 Loaded shared library C:\Users\Omer\.cursor\extensions\redhat.java-1.53.0-win32-x64\jre\21.0.10-win32-x86_64\bin\instrument.dll
Event: 0.306 Loaded shared library C:\Users\Omer\.cursor\extensions\redhat.java-1.53.0-win32-x64\jre\21.0.10-win32-x86_64\bin\net.dll
Event: 0.354 Loaded shared library C:\Users\Omer\.cursor\extensions\redhat.java-1.53.0-win32-x64\jre\21.0.10-win32-x86_64\bin\nio.dll
Event: 0.356 Loaded shared library C:\Users\Omer\.cursor\extensions\redhat.java-1.53.0-win32-x64\jre\21.0.10-win32-x86_64\bin\zip.dll
Event: 0.373 Loaded shared library C:\Users\Omer\.cursor\extensions\redhat.java-1.53.0-win32-x64\jre\21.0.10-win32-x86_64\bin\jimage.dll
Event: 0.516 Loaded shared library c:\Users\Omer\.cursor\extensions\redhat.java-1.53.0-win32-x64\jre\21.0.10-win32-x86_64\bin\verify.dll
Event: 8.311 Loaded shared library C:\Users\Omer\AppData\Roaming\Cursor\User\globalStorage\redhat.java\1.53.0\config_win\org.eclipse.equinox.launcher\org.eclipse.equinox.launcher.win32.win32.x86_64_1.3.0.v20260203-2149\eclipse_11919.dll
Event: 19.005 Loaded shared library C:\Users\Omer\AppData\Local\Temp\jna-2461483\jna13552495676413189685.dll

Deoptimization events (20 events):
Event: 39576.041 Thread 0x000001e9e8f2bd20 Uncommon trap: trap_request=0xffffffd6 fr.pc=0x000001e9d67c1710 relative=0x0000000000000650
Event: 39576.041 Thread 0x000001e9e8f2bd20 Uncommon trap: reason=array_check action=maybe_recompile pc=0x000001e9d67c1710 method=java.util.concurrent.ScheduledThreadPoolExecutor$DelayedWorkQueue.offer(Ljava/lang/Runnable;)Z @ 65 c2
Event: 39576.042 Thread 0x000001e9e8f2bd20 DEOPT PACKING pc=0x000001e9d67c1710 sp=0x00000098c42ff430
Event: 39576.043 Thread 0x000001e9e8f2bd20 DEOPT UNPACKING pc=0x000001e9d5bf3aa2 sp=0x00000098c42ff240 mode 2
Event: 39583.728 Thread 0x000001e9e39dbbd0 Uncommon trap: trap_request=0xffffffd6 fr.pc=0x000001e9d67c1710 relative=0x0000000000000650
Event: 39583.728 Thread 0x000001e9e39dbbd0 Uncommon trap: reason=array_check action=maybe_recompile pc=0x000001e9d67c1710 method=java.util.concurrent.ScheduledThreadPoolExecutor$DelayedWorkQueue.offer(Ljava/lang/Runnable;)Z @ 65 c2
Event: 39583.728 Thread 0x000001e9e39dbbd0 DEOPT PACKING pc=0x000001e9d67c1710 sp=0x00000098c2cff010
Event: 39583.729 Thread 0x000001e9e39dbbd0 DEOPT UNPACKING pc=0x000001e9d5bf3aa2 sp=0x00000098c2cfee20 mode 2
Event: 39586.046 Thread 0x000001e9e8f2bd20 Uncommon trap: trap_request=0xffffffd6 fr.pc=0x000001e9d67c1710 relative=0x0000000000000650
Event: 39586.046 Thread 0x000001e9e8f2bd20 Uncommon trap: reason=array_check action=maybe_recompile pc=0x000001e9d67c1710 method=java.util.concurrent.ScheduledThreadPoolExecutor$DelayedWorkQueue.offer(Ljava/lang/Runnable;)Z @ 65 c2
Event: 39586.047 Thread 0x000001e9e8f2bd20 DEOPT PACKING pc=0x000001e9d67c1710 sp=0x00000098c42ff430
Event: 39586.049 Thread 0x000001e9e8f2bd20 DEOPT UNPACKING pc=0x000001e9d5bf3aa2 sp=0x00000098c42ff240 mode 2
Event: 39596.050 Thread 0x000001e9e8f2bd20 Uncommon trap: trap_request=0xffffffd6 fr.pc=0x000001e9d67c1710 relative=0x0000000000000650
Event: 39596.050 Thread 0x000001e9e8f2bd20 Uncommon trap: reason=array_check action=maybe_recompile pc=0x000001e9d67c1710 method=java.util.concurrent.ScheduledThreadPoolExecutor$DelayedWorkQueue.offer(Ljava/lang/Runnable;)Z @ 65 c2
Event: 39596.050 Thread 0x000001e9e8f2bd20 DEOPT PACKING pc=0x000001e9d67c1710 sp=0x00000098c42ff430
Event: 39596.050 Thread 0x000001e9e8f2bd20 DEOPT UNPACKING pc=0x000001e9d5bf3aa2 sp=0x00000098c42ff240 mode 2
Event: 50719.924 Thread 0x000001e9e84d4e10 DEOPT PACKING pc=0x000001e9ceee4ddb sp=0x00000098c34fecb0
Event: 50719.924 Thread 0x000001e9e84d4e10 DEOPT UNPACKING pc=0x000001e9d5bf4242 sp=0x00000098c34fe138 mode 0
Event: 84920.295 Thread 0x000001e9e8f2ca40 DEOPT PACKING pc=0x000001e9cf15c21a sp=0x00000098c17feab0
Event: 84920.295 Thread 0x000001e9e8f2ca40 DEOPT UNPACKING pc=0x000001e9d5bf4242 sp=0x00000098c17fdf18 mode 0

Classes loaded (20 events):
Event: 324.859 Loading class java/util/stream/Nodes$AbstractConcNode done
Event: 324.859 Loading class java/util/stream/Nodes$ConcNode done
Event: 324.870 Loading class java/io/ObjectOutputStream$BlockDataOutputStream
Event: 324.870 Loading class java/io/ObjectOutputStream$BlockDataOutputStream done
Event: 324.870 Loading class java/io/ObjectOutputStream$HandleTable
Event: 324.870 Loading class java/io/ObjectOutputStream$HandleTable done
Event: 324.870 Loading class java/io/ObjectOutputStream$ReplaceTable
Event: 324.870 Loading class java/io/ObjectOutputStream$ReplaceTable done
Event: 325.225 Loading class java/lang/invoke/MethodHandleImpl$CountingWrapper$1
Event: 325.225 Loading class java/lang/invoke/MethodHandleImpl$CountingWrapper$1 done
Event: 325.247 Loading class org/xml/sax/SAXNotRecognizedException
Event: 325.247 Loading class org/xml/sax/SAXNotRecognizedException done
Event: 325.247 Loading class org/xml/sax/SAXNotSupportedException
Event: 325.247 Loading class org/xml/sax/SAXNotSupportedException done
Event: 325.248 Loading class com/sun/org/apache/xerces/internal/util/URI
Event: 325.249 Loading class com/sun/org/apache/xerces/internal/util/URI done
Event: 325.249 Loading class com/sun/org/apache/xerces/internal/xni/XNIException
Event: 325.249 Loading class com/sun/org/apache/xerces/internal/xni/XNIException done
Event: 325.250 Loading class com/sun/org/apache/xerces/internal/xni/parser/XMLParseException
Event: 325.250 Loading class com/sun/org/apache/xerces/internal/xni/parser/XMLParseException done

Classes unloaded (7 events):
Event: 19.553 Thread 0x000001e9cb3a0650 Unloading class 0x000001e9811a4c00 'java/lang/invoke/LambdaForm$MH+0x000001e9811a4c00'
Event: 19.553 Thread 0x000001e9cb3a0650 Unloading class 0x000001e9811a4800 'java/lang/invoke/LambdaForm$MH+0x000001e9811a4800'
Event: 19.553 Thread 0x000001e9cb3a0650 Unloading class 0x000001e9811a4400 'java/lang/invoke/LambdaForm$MH+0x000001e9811a4400'
Event: 19.553 Thread 0x000001e9cb3a0650 Unloading class 0x000001e9811a4000 'java/lang/invoke/LambdaForm$MH+0x000001e9811a4000'
Event: 19.553 Thread 0x000001e9cb3a0650 Unloading class 0x000001e9811a3c00 'java/lang/invoke/LambdaForm$BMH+0x000001e9811a3c00'
Event: 19.553 Thread 0x000001e9cb3a0650 Unloading class 0x000001e9811a3800 'java/lang/invoke/LambdaForm$DMH+0x000001e9811a3800'
Event: 19.553 Thread 0x000001e9cb3a0650 Unloading class 0x000001e9811a2400 'java/lang/invoke/LambdaForm$DMH+0x000001e9811a2400'

Classes redefined (0 events):
No events

Internal exceptions (20 events):
Event: 25.953 Thread 0x000001e9e84d6ee0 Exception <a 'java/lang/NoSuchMethodError'{0x00000000d5e06118}: 'java.lang.Object java.lang.invoke.DirectMethodHandle$Holder.invokeSpecial(java.lang.Object, java.lang.Object, java.lang.Object, int, java.lang.Object, java.lang.Object, java.lang.Object)'> (0x00000000d5e06118) 
thrown [s\src\hotspot\share\interpreter\linkResolver.cpp, line 773]
Event: 25.957 Thread 0x000001e9e84d6ee0 Exception <a 'java/lang/NoSuchMethodError'{0x00000000d5e0e040}: 'java.lang.Object java.lang.invoke.DirectMethodHandle$Holder.invokeStatic(java.lang.Object, java.lang.Object, int, java.lang.Object, java.lang.Object)'> (0x00000000d5e0e040) 
thrown [s\src\hotspot\share\interpreter\linkResolver.cpp, line 773]
Event: 25.998 Thread 0x000001e9e84d6ee0 Exception <a 'java/lang/NoSuchMethodError'{0x00000000d5f6dcc8}: 'void java.lang.invoke.DirectMethodHandle$Holder.invokeStatic(java.lang.Object, int)'> (0x00000000d5f6dcc8) 
thrown [s\src\hotspot\share\interpreter\linkResolver.cpp, line 773]
Event: 26.201 Thread 0x000001e9e8f2ca40 Implicit null exception at 0x000001e9d6445e24 to 0x000001e9d6446150
Event: 26.477 Thread 0x000001e9e84d6ee0 Exception <a 'java/io/FileNotFoundException'{0x00000000d63b87d8}> (0x00000000d63b87d8) 
thrown [s\src\hotspot\share\prims\jni.cpp, line 520]
Event: 26.478 Thread 0x000001e9e84d6ee0 Exception <a 'java/io/FileNotFoundException'{0x00000000d63b9a80}> (0x00000000d63b9a80) 
thrown [s\src\hotspot\share\prims\jni.cpp, line 520]
Event: 26.478 Thread 0x000001e9e84d6ee0 Exception <a 'java/io/FileNotFoundException'{0x00000000d63baa78}> (0x00000000d63baa78) 
thrown [s\src\hotspot\share\prims\jni.cpp, line 520]
Event: 26.786 Thread 0x000001e9e84d6ee0 Implicit null exception at 0x000001e9d63fd808 to 0x000001e9d63fe4c4
Event: 27.043 Thread 0x000001e9e84d54a0 Exception <a 'sun/nio/fs/WindowsException'{0x00000000d641c468}> (0x00000000d641c468) 
thrown [s\src\hotspot\share\prims\jni.cpp, line 520]
Event: 27.194 Thread 0x000001e9e8f2c3b0 Exception <a 'java/lang/IncompatibleClassChangeError'{0x00000000d58b6328}: Found class java.lang.Object, but interface was expected> (0x00000000d58b6328) 
thrown [s\src\hotspot\share\interpreter\linkResolver.cpp, line 840]
Event: 27.405 Thread 0x000001e9e84d54a0 Exception <a 'sun/nio/fs/WindowsException'{0x00000000d5d7fea8}> (0x00000000d5d7fea8) 
thrown [s\src\hotspot\share\prims\jni.cpp, line 520]
Event: 27.653 Thread 0x000001e9e84d54a0 Implicit null exception at 0x000001e9d622f0c6 to 0x000001e9d622f10f
Event: 32.576 Thread 0x000001e9e8f2c3b0 Exception <a 'java/lang/IncompatibleClassChangeError'{0x00000000d615d660}: Found class java.lang.Object, but interface was expected> (0x00000000d615d660) 
thrown [s\src\hotspot\share\interpreter\linkResolver.cpp, line 840]
Event: 32.587 Thread 0x000001e9e8f2ca40 Exception <a 'java/lang/NoSuchMethodError'{0x00000000d618fa00}: 'java.lang.Object java.lang.invoke.DirectMethodHandle$Holder.invokeSpecial(java.lang.Object, java.lang.Object, java.lang.Object, java.lang.Object, int, java.lang.Object, java.lang.Object)'> (0x00000000d618fa00) 
thrown [s\src\hotspot\share\interpreter\linkResolver.cpp, line 773]
Event: 324.866 Thread 0x000001e9e84d4e10 Exception <a 'sun/nio/fs/WindowsException'{0x00000000d5688590}> (0x00000000d5688590) 
thrown [s\src\hotspot\share\prims\jni.cpp, line 520]
Event: 324.866 Thread 0x000001e9e84d4e10 Exception <a 'sun/nio/fs/WindowsException'{0x00000000d5689358}> (0x00000000d5689358) 
thrown [s\src\hotspot\share\prims\jni.cpp, line 520]
Event: 324.877 Thread 0x000001e9e84d4e10 Exception <a 'java/lang/NoSuchMethodError'{0x00000000d57103c0}: static [J.<clinit>()V> (0x00000000d57103c0) 
thrown [s\src\hotspot\share\prims\jni.cpp, line 1111]
Event: 324.881 Thread 0x000001e9e84d4e10 Exception <a 'java/lang/NoSuchMethodError'{0x00000000d5744fb8}: 'java.lang.Object java.lang.invoke.DirectMethodHandle$Holder.newInvokeSpecial(java.lang.Object, java.lang.Object, java.lang.Object, java.lang.Object, java.lang.Object, java.lang.Object, java.lang.Object, java.lang.Object)'> (0x00000000d5744fb8) 
thrown [s\src\hotspot\share\interpreter\linkResolver.cpp, line 773]
Event: 625.281 Thread 0x000001e9e84d4e10 Exception <a 'sun/nio/fs/WindowsException'{0x00000000d5766890}> (0x00000000d5766890) 
thrown [s\src\hotspot\share\prims\jni.cpp, line 520]
Event: 625.282 Thread 0x000001e9e84d4e10 Exception <a 'sun/nio/fs/WindowsException'{0x00000000d57673f8}> (0x00000000d57673f8) 
thrown [s\src\hotspot\share\prims\jni.cpp, line 520]

ZGC Phase Switch (0 events):
No events

VM Operations (20 events):
Event: 96553.658 Executing non-safepoint VM operation: HandshakeAllThreads (HandshakeForDeflation)
Event: 96553.658 Executing non-safepoint VM operation: HandshakeAllThreads (HandshakeForDeflation) done
Event: 96553.658 Executing non-safepoint VM operation: RendezvousGCThreads
Event: 96553.658 Executing non-safepoint VM operation: RendezvousGCThreads done
Event: 96673.994 Executing non-safepoint VM operation: HandshakeAllThreads (HandshakeForDeflation)
Event: 96673.994 Executing non-safepoint VM operation: HandshakeAllThreads (HandshakeForDeflation) done
Event: 96673.994 Executing non-safepoint VM operation: RendezvousGCThreads
Event: 96673.994 Executing non-safepoint VM operation: RendezvousGCThreads done
Event: 96734.247 Executing non-safepoint VM operation: HandshakeAllThreads (HandshakeForDeflation)
Event: 96734.247 Executing non-safepoint VM operation: HandshakeAllThreads (HandshakeForDeflation) done
Event: 96734.247 Executing non-safepoint VM operation: RendezvousGCThreads
Event: 96734.247 Executing non-safepoint VM operation: RendezvousGCThreads done
Event: 97576.404 Executing non-safepoint VM operation: HandshakeAllThreads (HandshakeForDeflation)
Event: 97576.404 Executing non-safepoint VM operation: HandshakeAllThreads (HandshakeForDeflation) done
Event: 97576.404 Executing non-safepoint VM operation: RendezvousGCThreads
Event: 97576.404 Executing non-safepoint VM operation: RendezvousGCThreads done
Event: 98478.318 Executing non-safepoint VM operation: HandshakeAllThreads (HandshakeForDeflation)
Event: 98478.318 Executing non-safepoint VM operation: HandshakeAllThreads (HandshakeForDeflation) done
Event: 98478.318 Executing non-safepoint VM operation: RendezvousGCThreads
Event: 98478.318 Executing non-safepoint VM operation: RendezvousGCThreads done

Memory protections (0 events):
No events

Nmethod flushes (20 events):
Event: 25.045 Thread 0x000001e9cb3a0650 flushing  nmethod 0x000001e9ceed0410
Event: 25.045 Thread 0x000001e9cb3a0650 flushing  nmethod 0x000001e9ceee9590
Event: 25.045 Thread 0x000001e9cb3a0650 flushing  nmethod 0x000001e9ceeea910
Event: 25.045 Thread 0x000001e9cb3a0650 flushing  nmethod 0x000001e9ceeebc90
Event: 25.045 Thread 0x000001e9cb3a0650 flushing  nmethod 0x000001e9ceeec610
Event: 25.045 Thread 0x000001e9cb3a0650 flushing  nmethod 0x000001e9ceeedc10
Event: 25.045 Thread 0x000001e9cb3a0650 flushing  nmethod 0x000001e9cef10f10
Event: 25.045 Thread 0x000001e9cb3a0650 flushing  nmethod 0x000001e9cef15410
Event: 25.045 Thread 0x000001e9cb3a0650 flushing  nmethod 0x000001e9cef30a10
Event: 25.045 Thread 0x000001e9cb3a0650 flushing  nmethod 0x000001e9cef8ed90
Event: 25.045 Thread 0x000001e9cb3a0650 flushing  nmethod 0x000001e9cef90690
Event: 25.045 Thread 0x000001e9cb3a0650 flushing  nmethod 0x000001e9cef99f90
Event: 25.045 Thread 0x000001e9cb3a0650 flushing  nmethod 0x000001e9cef9d610
Event: 25.045 Thread 0x000001e9cb3a0650 flushing  nmethod 0x000001e9cef9dd90
Event: 25.045 Thread 0x000001e9cb3a0650 flushing  nmethod 0x000001e9cef9e110
Event: 25.045 Thread 0x000001e9cb3a0650 flushing  nmethod 0x000001e9cef9e490
Event: 25.045 Thread 0x000001e9cb3a0650 flushing  nmethod 0x000001e9cef9ea10
Event: 25.045 Thread 0x000001e9cb3a0650 flushing  nmethod 0x000001e9cefa0b10
Event: 25.045 Thread 0x000001e9cb3a0650 flushing  nmethod 0x000001e9cefa7a10
Event: 25.045 Thread 0x000001e9cb3a0650 flushing  nmethod 0x000001e9cefc3690

Events (20 events):
Event: 325.006 Thread 0x000001e9e84d61c0 Thread added: 0x000001e9e8f2d760
Event: 325.235 Thread 0x000001e9e84d4e10 Thread added: 0x000001e9e8f2d0d0
Event: 330.535 Thread 0x000001e9e3211ca0 Thread exited: 0x000001e9e3211ca0
Event: 334.660 Thread 0x000001e9e8f2f830 Thread exited: 0x000001e9e8f2f830
Event: 385.210 Thread 0x000001e9e8f2d760 Thread exited: 0x000001e9e8f2d760
Event: 385.241 Thread 0x000001e9e8f2d0d0 Thread exited: 0x000001e9e8f2d0d0
Event: 625.086 Thread 0x000001e9e8f2ca40 Thread exited: 0x000001e9e8f2ca40
Event: 625.086 Thread 0x000001e9e8f2b690 Thread exited: 0x000001e9e8f2b690
Event: 625.087 Thread 0x000001e9e8f295c0 Thread exited: 0x000001e9e8f295c0
Event: 625.087 Thread 0x000001e9e8f2eb10 Thread exited: 0x000001e9e8f2eb10
Event: 625.275 Thread 0x000001e9e84d4e10 Thread added: 0x000001e9e8f2ca40
Event: 625.280 Thread 0x000001e9e84d4e10 Thread added: 0x000001e9e8f2b690
Event: 625.281 Thread 0x000001e9e8f2b690 Thread exited: 0x000001e9e8f2b690
Event: 625.282 Thread 0x000001e9e84d4e10 Thread added: 0x000001e9e8f295c0
Event: 625.282 Thread 0x000001e9e8f295c0 Thread exited: 0x000001e9e8f295c0
Event: 625.290 Thread 0x000001e9e84d61c0 Thread exited: 0x000001e9e84d61c0
Event: 73220.139 Thread 0x000001e9e84d4e10 Thread added: 0x000001e9e8f2b690
Event: 73280.144 Thread 0x000001e9e8f2b690 Thread exited: 0x000001e9e8f2b690
Event: 89420.354 Thread 0x000001e9e84d4e10 Thread added: 0x000001e9e8f2b690
Event: 89420.355 Thread 0x000001e9e8f2ca40 Thread exited: 0x000001e9e8f2ca40


Dynamic libraries:
0x00007ff6566e0000 - 0x00007ff6566ee000 	c:\Users\Omer\.cursor\extensions\redhat.java-1.53.0-win32-x64\jre\21.0.10-win32-x86_64\bin\java.exe
0x00007fff9f3c0000 - 0x00007fff9f627000 	C:\WINDOWS\SYSTEM32\ntdll.dll
0x00007fff9dc00000 - 0x00007fff9dcc9000 	C:\WINDOWS\System32\KERNEL32.DLL
0x00007fff9bcd0000 - 0x00007fff9c0c1000 	C:\WINDOWS\System32\KERNELBASE.dll
0x00007fff99630000 - 0x00007fff996cf000 	C:\WINDOWS\SYSTEM32\apphelp.dll
0x00007fff9cd60000 - 0x00007fff9ceab000 	C:\WINDOWS\System32\ucrtbase.dll
0x00007fff31fd0000 - 0x00007fff31fe8000 	c:\Users\Omer\.cursor\extensions\redhat.java-1.53.0-win32-x64\jre\21.0.10-win32-x86_64\bin\jli.dll
0x00007fff9e340000 - 0x00007fff9e505000 	C:\WINDOWS\System32\USER32.dll
0x00007fff9bca0000 - 0x00007fff9bcc7000 	C:\WINDOWS\System32\win32u.dll
0x00007fff9da90000 - 0x00007fff9dabb000 	C:\WINDOWS\System32\GDI32.dll
0x00007fff9c0d0000 - 0x00007fff9c1fb000 	C:\WINDOWS\System32\gdi32full.dll
0x00007fff9cb30000 - 0x00007fff9cbd3000 	C:\WINDOWS\System32\msvcp_win.dll
0x00007fff71380000 - 0x00007fff7139e000 	c:\Users\Omer\.cursor\extensions\redhat.java-1.53.0-win32-x64\jre\21.0.10-win32-x86_64\bin\VCRUNTIME140.dll
0x00007fff81820000 - 0x00007fff81ab3000 	C:\WINDOWS\WinSxS\amd64_microsoft.windows.common-controls_6595b64144ccf1df_6.0.26100.8037_none_3e092faae333b53b\COMCTL32.dll
0x00007fff9d740000 - 0x00007fff9d7e9000 	C:\WINDOWS\System32\msvcrt.dll
0x00007fff9db40000 - 0x00007fff9db71000 	C:\WINDOWS\System32\IMM32.DLL
0x00007fff6a3c0000 - 0x00007fff6a3cc000 	c:\Users\Omer\.cursor\extensions\redhat.java-1.53.0-win32-x64\jre\21.0.10-win32-x86_64\bin\vcruntime140_1.dll
0x00007fff12b30000 - 0x00007fff12bbd000 	c:\Users\Omer\.cursor\extensions\redhat.java-1.53.0-win32-x64\jre\21.0.10-win32-x86_64\bin\msvcp140.dll
0x00007ffebdd00000 - 0x00007ffebeaa1000 	c:\Users\Omer\.cursor\extensions\redhat.java-1.53.0-win32-x64\jre\21.0.10-win32-x86_64\bin\server\jvm.dll
0x00007fff9e070000 - 0x00007fff9e12b000 	C:\WINDOWS\System32\ADVAPI32.dll
0x00007fff9eb60000 - 0x00007fff9ec07000 	C:\WINDOWS\System32\sechost.dll
0x00007fff9e7e0000 - 0x00007fff9e8f8000 	C:\WINDOWS\System32\RPCRT4.dll
0x00007fff9d7f0000 - 0x00007fff9d864000 	C:\WINDOWS\System32\WS2_32.dll
0x00007fff9ba50000 - 0x00007fff9baae000 	C:\WINDOWS\SYSTEM32\POWRPROF.dll
0x00007fff92900000 - 0x00007fff92935000 	C:\WINDOWS\SYSTEM32\WINMM.dll
0x00007fff95810000 - 0x00007fff9581b000 	C:\WINDOWS\SYSTEM32\VERSION.dll
0x00007fff9ba30000 - 0x00007fff9ba44000 	C:\WINDOWS\SYSTEM32\UMPDC.dll
0x00007fff9a9f0000 - 0x00007fff9aa0b000 	C:\WINDOWS\SYSTEM32\kernel.appcore.dll
0x00007fff69fb0000 - 0x00007fff69fba000 	c:\Users\Omer\.cursor\extensions\redhat.java-1.53.0-win32-x64\jre\21.0.10-win32-x86_64\bin\jimage.dll
0x00007fff86580000 - 0x00007fff867c2000 	C:\WINDOWS\SYSTEM32\DBGHELP.DLL
0x00007fff9dcd0000 - 0x00007fff9e052000 	C:\WINDOWS\System32\combase.dll
0x00007fff9e6f0000 - 0x00007fff9e7c7000 	C:\WINDOWS\System32\OLEAUT32.dll
0x00007fff7fcf0000 - 0x00007fff7fd2b000 	C:\WINDOWS\SYSTEM32\dbgcore.DLL
0x00007fff9ceb0000 - 0x00007fff9cf55000 	C:\WINDOWS\System32\bcryptPrimitives.dll
0x00007fff661a0000 - 0x00007fff661af000 	c:\Users\Omer\.cursor\extensions\redhat.java-1.53.0-win32-x64\jre\21.0.10-win32-x86_64\bin\instrument.dll
0x00007fff2f250000 - 0x00007fff2f270000 	c:\Users\Omer\.cursor\extensions\redhat.java-1.53.0-win32-x64\jre\21.0.10-win32-x86_64\bin\java.dll
0x00007fff9ec10000 - 0x00007fff9f36f000 	C:\WINDOWS\System32\SHELL32.dll
0x00007fff9cff0000 - 0x00007fff9d15a000 	C:\WINDOWS\System32\wintypes.dll
0x00007fff9c200000 - 0x00007fff9ca64000 	C:\WINDOWS\System32\windows.storage.dll
0x00007fff9d990000 - 0x00007fff9da87000 	C:\WINDOWS\System32\SHCORE.dll
0x00007fff9db90000 - 0x00007fff9dbf7000 	C:\WINDOWS\System32\shlwapi.dll
0x00007fff9bbc0000 - 0x00007fff9bbe9000 	C:\WINDOWS\SYSTEM32\profapi.dll
0x00007fff2aef0000 - 0x00007fff2af08000 	c:\Users\Omer\.cursor\extensions\redhat.java-1.53.0-win32-x64\jre\21.0.10-win32-x86_64\bin\zip.dll
0x00007fff645e0000 - 0x00007fff645f0000 	C:\Users\Omer\.cursor\extensions\redhat.java-1.53.0-win32-x64\jre\21.0.10-win32-x86_64\bin\net.dll
0x00007fff92ac0000 - 0x00007fff92be7000 	C:\WINDOWS\SYSTEM32\WINHTTP.dll
0x00007fff9af40000 - 0x00007fff9afab000 	C:\WINDOWS\system32\mswsock.dll
0x00007fff2a000000 - 0x00007fff2a016000 	C:\Users\Omer\.cursor\extensions\redhat.java-1.53.0-win32-x64\jre\21.0.10-win32-x86_64\bin\nio.dll
0x00007fff4ed90000 - 0x00007fff4eda0000 	c:\Users\Omer\.cursor\extensions\redhat.java-1.53.0-win32-x64\jre\21.0.10-win32-x86_64\bin\verify.dll
0x00007fff12a90000 - 0x00007fff12ad5000 	C:\Users\Omer\AppData\Roaming\Cursor\User\globalStorage\redhat.java\1.53.0\config_win\org.eclipse.equinox.launcher\org.eclipse.equinox.launcher.win32.win32.x86_64_1.3.0.v20260203-2149\eclipse_11919.dll
0x00007fff9e900000 - 0x00007fff9ea95000 	C:\WINDOWS\System32\ole32.dll
0x00007fff9b340000 - 0x00007fff9b35b000 	C:\WINDOWS\SYSTEM32\CRYPTSP.dll
0x00007fff9a950000 - 0x00007fff9a989000 	C:\WINDOWS\system32\rsaenh.dll
0x00007fff9aff0000 - 0x00007fff9b022000 	C:\WINDOWS\SYSTEM32\USERENV.dll
0x00007fff9bb90000 - 0x00007fff9bbba000 	C:\WINDOWS\SYSTEM32\bcrypt.dll
0x00007fff9b1a0000 - 0x00007fff9b1ac000 	C:\WINDOWS\SYSTEM32\CRYPTBASE.dll
0x00007fff9a3e0000 - 0x00007fff9a413000 	C:\WINDOWS\SYSTEM32\IPHLPAPI.DLL
0x00007fff9d870000 - 0x00007fff9d87a000 	C:\WINDOWS\System32\NSI.dll
0x00007fff129f0000 - 0x00007fff12a39000 	C:\Users\Omer\AppData\Local\Temp\jna-2461483\jna13552495676413189685.dll
0x00007fff9e7d0000 - 0x00007fff9e7d8000 	C:\WINDOWS\System32\PSAPI.DLL
0x00007fff95410000 - 0x00007fff9542d000 	C:\WINDOWS\SYSTEM32\dhcpcsvc6.DLL
0x00007fff953e0000 - 0x00007fff95403000 	C:\WINDOWS\SYSTEM32\dhcpcsvc.DLL

JVMTI agents:
c:\Users\Omer\.cursor\extensions\redhat.java-1.53.0-win32-x64\lombok\lombok-1.18.39-4050.jar path:c:\Users\Omer\.cursor\extensions\redhat.java-1.53.0-win32-x64\jre\21.0.10-win32-x86_64\bin\instrument.dll, loaded, initialized, instrumentlib options:none

dbghelp: loaded successfully - version: 4.0.5 - missing functions: none
symbol engine: initialized successfully - sym options: 0x614 - pdb path: .;c:\Users\Omer\.cursor\extensions\redhat.java-1.53.0-win32-x64\jre\21.0.10-win32-x86_64\bin;C:\WINDOWS\SYSTEM32;C:\WINDOWS\WinSxS\amd64_microsoft.windows.common-controls_6595b64144ccf1df_6.0.26100.8037_none_3e092faae333b53b;c:\Users\Omer\.cursor\extensions\redhat.java-1.53.0-win32-x64\jre\21.0.10-win32-x86_64\bin\server;C:\Users\Omer\AppData\Roaming\Cursor\User\globalStorage\redhat.java\1.53.0\config_win\org.eclipse.equinox.launcher\org.eclipse.equinox.launcher.win32.win32.x86_64_1.3.0.v20260203-2149;C:\Users\Omer\AppData\Local\Temp\jna-2461483

VM Arguments:
jvm_args: --add-modules=ALL-SYSTEM --add-opens=java.base/java.util=ALL-UNNAMED --add-opens=java.base/java.lang=ALL-UNNAMED --add-opens=java.base/sun.nio.fs=ALL-UNNAMED -Declipse.application=org.eclipse.jdt.ls.core.id1 -Dosgi.bundles.defaultStartLevel=4 -Declipse.product=org.eclipse.jdt.ls.core.product -Djava.import.generatesMetadataFilesAtProjectRoot=false -DDetectVMInstallationsJob.disabled=true -Dfile.encoding=utf8 -XX:+UseParallelGC -XX:GCTimeRatio=4 -XX:AdaptiveSizePolicyWeight=90 -Dsun.zip.disableMemoryMapping=true -Xmx2G -Xms100m -Xlog:disable -javaagent:c:\Users\Omer\.cursor\extensions\redhat.java-1.53.0-win32-x64\lombok\lombok-1.18.39-4050.jar -XX:+HeapDumpOnOutOfMemoryError -XX:HeapDumpPath=c:\Users\Omer\AppData\Roaming\Cursor\User\workspaceStorage\6c30c1e5be1cf8c44b33e617996e58f2\redhat.java -Daether.dependencyCollector.impl=bf 
java_command: c:\Users\Omer\.cursor\extensions\redhat.java-1.53.0-win32-x64\server\plugins\org.eclipse.equinox.launcher_1.7.100.v20251111-0406.jar -configuration c:\Users\Omer\AppData\Roaming\Cursor\User\globalStorage\redhat.java\1.53.0\config_win -data c:\Users\Omer\AppData\Roaming\Cursor\User\workspaceStorage\6c30c1e5be1cf8c44b33e617996e58f2\redhat.java\jdt_ws --pipe=\\.\pipe\lsp-7d7be4db7a66afad78e9cf6a9d2edb72-sock
java_class_path (initial): c:\Users\Omer\.cursor\extensions\redhat.java-1.53.0-win32-x64\server\plugins\org.eclipse.equinox.launcher_1.7.100.v20251111-0406.jar
Launcher Type: SUN_STANDARD

[Global flags]
    uintx AdaptiveSizePolicyWeight                 = 90                                        {product} {command line}
     intx CICompilerCount                          = 3                                         {product} {ergonomic}
    uintx GCTimeRatio                              = 4                                         {product} {command line}
     bool HeapDumpOnOutOfMemoryError               = true                                   {manageable} {command line}
    ccstr HeapDumpPath                             = c:\Users\Omer\AppData\Roaming\Cursor\User\workspaceStorage\6c30c1e5be1cf8c44b33e617996e58f2\redhat.java         {manageable} {command line}
   size_t InitialHeapSize                          = 104857600                                 {product} {command line}
   size_t MaxHeapSize                              = 2147483648                                {product} {command line}
   size_t MaxNewSize                               = 715653120                                 {product} {ergonomic}
   size_t MinHeapDeltaBytes                        = 524288                                    {product} {ergonomic}
   size_t MinHeapSize                              = 104857600                                 {product} {command line}
   size_t NewSize                                  = 34603008                                  {product} {ergonomic}
    uintx NonNMethodCodeHeapSize                   = 5832780                                {pd product} {ergonomic}
    uintx NonProfiledCodeHeapSize                  = 122912730                              {pd product} {ergonomic}
   size_t OldSize                                  = 70254592                                  {product} {ergonomic}
    uintx ProfiledCodeHeapSize                     = 122912730                              {pd product} {ergonomic}
    uintx ReservedCodeCacheSize                    = 251658240                              {pd product} {ergonomic}
     bool SegmentedCodeCache                       = true                                      {product} {ergonomic}
   size_t SoftMaxHeapSize                          = 2147483648                             {manageable} {ergonomic}
     bool UseCompressedOops                        = true                           {product lp64_product} {ergonomic}
     bool UseLargePagesIndividualAllocation        = false                                  {pd product} {ergonomic}
     bool UseParallelGC                            = true                                      {product} {command line}

Logging:
Log output configuration:
 #0: stdout all=off uptime,level,tags foldmultilines=false
 #1: stderr all=off uptime,level,tags foldmultilines=false

Release file:
JAVA_VERSION="21.0.10" 
MODULES="java.base java.compiler java.datatransfer java.xml java.prefs java.desktop java.instrument java.logging java.management java.security.sasl java.naming java.rmi java.management.rmi java.net.http java.scripting java.security.jgss java.transaction.xa java.sql java.sql.rowset java.xml.crypto java.se java.smartcardio jdk.accessibility jdk.internal.jvmstat jdk.attach jdk.charsets jdk.internal.opt jdk.zipfs jdk.compiler jdk.crypto.ec jdk.crypto.cryptoki jdk.crypto.mscapi jdk.dynalink jdk.internal.ed jdk.editpad jdk.hotspot.agent jdk.httpserver jdk.internal.le jdk.internal.vm.ci jdk.internal.vm.compiler jdk.internal.vm.compiler.management jdk.jartool jdk.javadoc jdk.jcmd jdk.management jdk.management.agent jdk.jconsole jdk.jdeps jdk.jdwp.agent jdk.jdi jdk.jfr jdk.jshell jdk.jsobject jdk.jstatd jdk.localedata jdk.management.jfr jdk.naming.dns jdk.naming.rmi jdk.net jdk.nio.mapmode jdk.random jdk.sctp jdk.security.auth jdk.security.jgss jdk.unsupported jdk.unsupported.desktop jdk.xml.dom" 

Environment Variables:
PATH=C:\Program Files\Common Files\Oracle\Java\javapath;C:\Program Files (x86)\Common Files\Oracle\Java\javapath;C:\ProgramData\Oracle\Java\javapath;C:\Windows\system32;C:\Windows;C:\Windows\System32\Wbem;C:\Windows\System32\WindowsPowerShell\v1.0\;C:\Windows\System32\OpenSSH\;C:\Program Files (x86)\Intel\Intel(R) Management Engine Components\DAL;C:\Program Files\Intel\Intel(R) Management Engine Components\DAL;C:\Program Files (x86)\NVIDIA Corporation\PhysX\Common;C:\Program Files\NVIDIA Corporation\NVIDIA NvDLISR;C:\WINDOWS\system32;C:\WINDOWS;C:\WINDOWS\System32\Wbem;C:\WINDOWS\System32\WindowsPowerShell\v1.0\;C:\WINDOWS\System32\OpenSSH\;C:\Program Files\Microsoft SQL Server\130\Tools\Binn\;C:\Program Files\Microsoft SQL Server\Client SDK\ODBC\170\Tools\Binn\;C:\Program Files\dotnet\;C:\Program Files (x86)\GtkSharp\2.12\bin;C:\Program Files\Microsoft SQL Server\150\Tools\Binn\;C:\Program Files\CMake\bin;C:\Program Files (x86)\Windows Kits\10\Windows Performance Toolkit\;C:\Users\Omer\AppData\Local\Microsoft\WindowsApps;C:\Users\Omer\AppData\Local\Programs\Git\cmd;C:\Users\Omer\AppData\Local\JetBrains\Toolbox\scripts;C:\Users\Omer\AppData\Local\Programs\cursor\resources\app\bin
USERNAME=Omer
OS=Windows_NT
PROCESSOR_IDENTIFIER=Intel64 Family 6 Model 158 Stepping 10, GenuineIntel
TMP=C:\Users\Omer\AppData\Local\Temp
TEMP=C:\Users\Omer\AppData\Local\Temp




Periodic native trim disabled

---------------  S Y S T E M  ---------------

OS:
 Windows 11 , 64 bit Build 26100 (10.0.26100.7920)
OS uptime: 2 days 7:45 hours
Hyper-V role detected

CPU: total 6 (initial active 6) (6 cores per cpu, 1 threads per core) family 6 model 158 stepping 10 microcode 0xde, cx8, cmov, fxsr, mmx, 3dnowpref, sse, sse2, sse3, ssse3, sse4.1, sse4.2, popcnt, lzcnt, tsc, tscinvbit, avx, avx2, aes, erms, clmul, bmi1, bmi2, adx, fma, vzeroupper, clflush, clflushopt, hv, rdtscp, f16c
Processor Information for the first 6 processors :
  Max Mhz: 2904, Current Mhz: 2904, Mhz Limit: 2904

Memory: 4k page, system-wide physical 16317M (1030M free)
TotalPageFile size 33664M (AvailPageFile size 8M)
current process WorkingSet (physical memory assigned to process): 8M, peak: 299M
current process commit charge ("private bytes"): 342M, peak: 379M

vm_info: OpenJDK 64-Bit Server VM (21.0.10+7-LTS) for windows-amd64 JRE (21.0.10+7-LTS), built on 2026-01-20T00:00:00Z by "admin" with MS VC++ 17.12 (VS2022)

END.
